2019-12-01 16:52:50,538 INFO [http-nio-8080-exec-1] log-Process [UserServiceImpl.kt:46] Adding credit
2019-12-01 16:52:50,584 ERROR [http-nio-8080-exec-1] log-Process [UserServiceImpl.kt:57] no added credit
2019-12-01 16:52:56,065 INFO [http-nio-8080-exec-3] log-Process [UserServiceImpl.kt:46] Adding credit
2019-12-01 16:52:56,068 ERROR [http-nio-8080-exec-3] log-Process [UserServiceImpl.kt:57] no added credit
2019-12-01 16:53:11,974 INFO [http-nio-8080-exec-2] log-Process [UserServiceImpl.kt:46] Adding credit
2019-12-01 16:53:11,976 ERROR [http-nio-8080-exec-2] log-Process [UserServiceImpl.kt:57] no added credit
2019-12-07 22:26:06,238 INFO [http-nio-8080-exec-1] log-Process [UserServiceImpl.kt:36] Client Created
2019-12-07 22:28:57,570 INFO [http-nio-8080-exec-3] log-Process [UserServiceImpl.kt:22] sucess querry by mail: testmailsenderdesaunq@gmail.com
2019-12-07 22:28:57,697 INFO [http-nio-8080-exec-4] log-Process [UserServiceImpl.kt:22] sucess querry by mail: testmailsenderdesaunq@gmail.com
2019-12-07 22:29:06,786 INFO [http-nio-8080-exec-6] log-Process [UserServiceImpl.kt:36] Client Created
2019-12-07 22:29:18,810 INFO [http-nio-8080-exec-2] log-Process [UserServiceImpl.kt:46] Adding credit
2019-12-07 22:29:18,814 ERROR [http-nio-8080-exec-2] log-Process [UserServiceImpl.kt:57] no added credit
2019-12-07 22:29:22,505 INFO [http-nio-8080-exec-3] log-Process [UserServiceImpl.kt:46] Adding credit
2019-12-07 22:29:22,512 ERROR [http-nio-8080-exec-3] log-Process [UserServiceImpl.kt:57] no added credit
2019-12-07 22:31:04,437 INFO [http-nio-8080-exec-5] log-Process [UserServiceImpl.kt:22] sucess querry by mail: testmailsenderdesaunq@gmail.com
2019-12-07 22:31:04,446 INFO [http-nio-8080-exec-6] log-Process [UserServiceImpl.kt:22] sucess querry by mail: testmailsenderdesaunq@gmail.com
2019-12-07 22:31:12,908 INFO [http-nio-8080-exec-7] log-Process [UserServiceImpl.kt:36] Client Created
2019-12-07 22:34:07,717 INFO [http-nio-8080-exec-1] log-Process [UserServiceImpl.kt:22] sucess querry by mail: testmailsenderdesaunq@gmail.com
2019-12-07 22:34:07,735 INFO [http-nio-8080-exec-2] log-Process [UserServiceImpl.kt:22] sucess querry by mail: testmailsenderdesaunq@gmail.com
2019-12-07 22:34:30,670 INFO [http-nio-8080-exec-5] log-Process [UserServiceImpl.kt:22] sucess querry by mail: testmailsenderdesaunq@gmail.com
2019-12-07 22:34:30,677 INFO [http-nio-8080-exec-6] log-Process [UserServiceImpl.kt:22] sucess querry by mail: testmailsenderdesaunq@gmail.com
2019-12-07 22:34:37,774 INFO [http-nio-8080-exec-7] log-Process [UserServiceImpl.kt:36] Client Created
2019-12-07 22:36:09,797 INFO [http-nio-8080-exec-1] log-Process [UserServiceImpl.kt:22] sucess querry by mail: testmailsenderdesaunq@gmail.com
2019-12-07 22:36:09,803 INFO [http-nio-8080-exec-2] log-Process [UserServiceImpl.kt:22] sucess querry by mail: testmailsenderdesaunq@gmail.com
2019-12-07 22:36:23,341 INFO [http-nio-8080-exec-3] log-Process [UserServiceImpl.kt:36] Client Created
2019-12-07 22:39:28,216 INFO [http-nio-8080-exec-8] log-Process [UserServiceImpl.kt:22] sucess querry by mail: testmailsenderdesaunq@gmail.com
2019-12-07 22:39:28,221 INFO [http-nio-8080-exec-7] log-Process [UserServiceImpl.kt:22] sucess querry by mail: testmailsenderdesaunq@gmail.com
2019-12-07 22:39:44,722 INFO [http-nio-8080-exec-1] log-Process [UserServiceImpl.kt:22] sucess querry by mail: testmailsenderdesaunq@gmail.com
2019-12-07 22:39:44,729 INFO [http-nio-8080-exec-2] log-Process [UserServiceImpl.kt:22] sucess querry by mail: testmailsenderdesaunq@gmail.com
2019-12-07 22:39:53,487 INFO [http-nio-8080-exec-3] log-Process [UserServiceImpl.kt:36] Client Created
2019-12-07 22:40:36,580 INFO [http-nio-8080-exec-8] log-Process [UserServiceImpl.kt:22] sucess querry by mail: testmailsenderdesaunq@gmail.com
2019-12-07 22:40:36,585 INFO [http-nio-8080-exec-7] log-Process [UserServiceImpl.kt:22] sucess querry by mail: testmailsenderdesaunq@gmail.com
2019-12-07 22:40:44,105 INFO [http-nio-8080-exec-9] log-Process [UserServiceImpl.kt:36] Client Created
2019-12-07 22:41:44,120 INFO [http-nio-8080-exec-4] log-Process [UserServiceImpl.kt:22] sucess querry by mail: testmailsenderdesaunq@gmail.com
2019-12-07 22:41:44,125 INFO [http-nio-8080-exec-3] log-Process [UserServiceImpl.kt:22] sucess querry by mail: testmailsenderdesaunq@gmail.com
2019-12-07 22:42:04,433 INFO [http-nio-8080-exec-5] log-Process [UserServiceImpl.kt:36] Client Created
2019-12-07 22:42:13,911 INFO [http-nio-8080-exec-2] log-Process [UserServiceImpl.kt:46] Adding credit
2019-12-07 22:42:13,924 INFO [http-nio-8080-exec-2] log-Process [UserServiceImpl.kt:55] Added credit
2019-12-07 22:49:31,793 INFO [http-nio-8080-exec-6] log-Process [UserServiceImpl.kt:22] sucess querry by mail: testmailsenderdesaunq@gmail.com
2019-12-07 22:49:31,799 INFO [http-nio-8080-exec-5] log-Process [UserServiceImpl.kt:22] sucess querry by mail: testmailsenderdesaunq@gmail.com
2019-12-07 22:55:09,215 INFO [http-nio-8080-exec-10] log-Process [UserServiceImpl.kt:22] sucess querry by mail: testmailsenderdesaunq@gmail.com
2019-12-07 22:55:09,225 INFO [http-nio-8080-exec-9] log-Process [UserServiceImpl.kt:22] sucess querry by mail: testmailsenderdesaunq@gmail.com
2019-12-07 22:58:13,231 INFO [http-nio-8080-exec-4] log-Process [UserServiceImpl.kt:22] sucess querry by mail: testmailsenderdesaunq@gmail.com
2019-12-07 22:58:13,237 INFO [http-nio-8080-exec-3] log-Process [UserServiceImpl.kt:22] sucess querry by mail: testmailsenderdesaunq@gmail.com
2019-12-07 23:01:28,210 INFO [http-nio-8080-exec-7] log-Process [UserServiceImpl.kt:22] sucess querry by mail: testmailsenderdesaunq@gmail.com
2019-12-07 23:01:28,217 INFO [http-nio-8080-exec-8] log-Process [UserServiceImpl.kt:22] sucess querry by mail: testmailsenderdesaunq@gmail.com
2019-12-07 23:07:00,383 INFO [http-nio-8080-exec-2] log-Process [UserServiceImpl.kt:22] sucess querry by mail: testmailsenderdesaunq@gmail.com
2019-12-07 23:07:00,387 INFO [http-nio-8080-exec-1] log-Process [UserServiceImpl.kt:22] sucess querry by mail: testmailsenderdesaunq@gmail.com
2019-12-07 23:09:20,600 INFO [http-nio-8080-exec-6] log-Process [UserServiceImpl.kt:22] sucess querry by mail: testmailsenderdesaunq@gmail.com
2019-12-07 23:09:20,606 INFO [http-nio-8080-exec-5] log-Process [UserServiceImpl.kt:22] sucess querry by mail: testmailsenderdesaunq@gmail.com
2019-12-09 02:16:19,366 INFO [http-nio-8080-exec-1] log-Process [UserServiceImpl.kt:22] sucess querry by mail: sabaliauskaspablo@gmail.com
2019-12-09 02:16:19,570 INFO [http-nio-8080-exec-2] log-Process [UserServiceImpl.kt:22] sucess querry by mail: sabaliauskaspablo@gmail.com
2019-12-09 02:16:33,642 INFO [http-nio-8080-exec-7] log-Process [OrderServiceImple.kt:91] order created
2019-12-09 02:16:40,985 INFO [http-nio-8080-exec-8] log-Process [OrderServiceImple.kt:91] order created
2019-12-09 02:25:06,767 INFO [http-nio-8080-exec-1] log-Process [EmailServiceImpl.kt:26] mail sended to sabaliauskaspablo@gmail.com
2019-12-09 02:25:11,563 INFO [http-nio-8080-exec-1] log-Process [EmailServiceImpl.kt:26] mail sended to sabaliauskaspablo@gmail.com
2019-12-09 02:25:16,065 INFO [http-nio-8080-exec-1] log-Process [OrderServiceImple.kt:46] order closed id: 29
2019-12-10 03:32:10,063 INFO [http-nio-8080-exec-1] log-Process [UserServiceImpl.kt:22] sucess querry by mail: sabaliauskaspablo@gmail.com
2019-12-10 03:32:10,244 INFO [http-nio-8080-exec-2] log-Process [UserServiceImpl.kt:22] sucess querry by mail: sabaliauskaspablo@gmail.com
2019-12-10 03:40:56,950 INFO [http-nio-8080-exec-1] log-Process [UserServiceImpl.kt:22] sucess querry by mail: sabaliauskaspablo@gmail.com
2019-12-10 03:40:56,959 INFO [http-nio-8080-exec-2] log-Process [UserServiceImpl.kt:22] sucess querry by mail: sabaliauskaspablo@gmail.com
2019-12-10 03:42:56,749 INFO [http-nio-8080-exec-3] log-Process [UserServiceImpl.kt:22] sucess querry by mail: sabaliauskaspablo@gmail.com
2019-12-10 03:42:56,890 INFO [http-nio-8080-exec-4] log-Process [UserServiceImpl.kt:22] sucess querry by mail: sabaliauskaspablo@gmail.com
2019-12-10 03:45:04,631 INFO [http-nio-8080-exec-1] log-Process [UserServiceImpl.kt:22] sucess querry by mail: sabaliauskaspablo@gmail.com
2019-12-10 03:45:04,794 INFO [http-nio-8080-exec-2] log-Process [UserServiceImpl.kt:22] sucess querry by mail: sabaliauskaspablo@gmail.com
2019-12-10 10:40:33,570 INFO [http-nio-8080-exec-1] log-Process [UserServiceImpl.kt:22] sucess querry by mail: sabaliauskaspablo@gmail.com
2019-12-10 10:40:33,810 INFO [http-nio-8080-exec-2] log-Process [UserServiceImpl.kt:22] sucess querry by mail: sabaliauskaspablo@gmail.com
2019-12-10 10:42:33,178 INFO [http-nio-8080-exec-10] log-Process [UserServiceImpl.kt:22] sucess querry by mail: sabaliauskaspablo@gmail.com
2019-12-10 10:42:33,184 INFO [http-nio-8080-exec-1] log-Process [UserServiceImpl.kt:22] sucess querry by mail: sabaliauskaspablo@gmail.com
2019-12-10 10:43:29,711 INFO [http-nio-8080-exec-1] log-Process [UserServiceImpl.kt:22] sucess querry by mail: sabaliauskaspablo@gmail.com
2019-12-10 10:43:29,716 INFO [http-nio-8080-exec-3] log-Process [UserServiceImpl.kt:22] sucess querry by mail: sabaliauskaspablo@gmail.com
2019-12-10 11:00:53,781 INFO [http-nio-8080-exec-2] log-Process [UserServiceImpl.kt:46] Adding credit
2019-12-10 11:00:53,808 INFO [http-nio-8080-exec-2] log-Process [UserServiceImpl.kt:55] Added credit
2019-12-10 11:01:14,408 INFO [http-nio-8080-exec-8] log-Process [OrderServiceImple.kt:93] order created
2019-12-10 11:05:26,897 INFO [http-nio-8080-exec-4] log-Process [OrderServiceImple.kt:95] order created
2019-12-10 11:05:26,899 INFO [http-nio-8080-exec-4] log-Process [UserServiceImpl.kt:46] Adding credit
2019-12-10 11:05:26,928 INFO [http-nio-8080-exec-4] log-Process [UserServiceImpl.kt:55] Added credit
2019-12-10 11:06:19,329 INFO [http-nio-8080-exec-5] log-Process [UserServiceImpl.kt:46] Adding credit
2019-12-10 11:06:19,337 INFO [http-nio-8080-exec-5] log-Process [UserServiceImpl.kt:55] Added credit
2019-12-10 11:06:28,668 INFO [http-nio-8080-exec-10] log-Process [OrderServiceImple.kt:95] order created
2019-12-10 11:06:28,670 INFO [http-nio-8080-exec-10] log-Process [UserServiceImpl.kt:46] Adding credit
2019-12-10 11:06:28,675 INFO [http-nio-8080-exec-10] log-Process [UserServiceImpl.kt:55] Added credit
2019-12-10 11:07:26,731 INFO [http-nio-8080-exec-1] log-Process [UserServiceImpl.kt:46] Adding credit
2019-12-10 11:07:26,812 INFO [http-nio-8080-exec-1] log-Process [UserServiceImpl.kt:55] Added credit
2019-12-10 11:07:39,351 INFO [http-nio-8080-exec-6] log-Process [OrderServiceImple.kt:95] order created
2019-12-10 11:11:10,309 INFO [http-nio-8080-exec-4] log-Process [OrderServiceImple.kt:95] order created
2019-12-10 11:14:14,709 INFO [http-nio-8080-exec-8] log-Process [OrderServiceImple.kt:95] order created
2019-12-10 11:14:29,537 INFO [http-nio-8080-exec-4] log-Process [UserServiceImpl.kt:46] Adding credit
2019-12-10 11:14:29,542 INFO [http-nio-8080-exec-4] log-Process [UserServiceImpl.kt:55] Added credit
2019-12-10 11:33:07,632 INFO [http-nio-8080-exec-1] log-Process [UserServiceImpl.kt:22] sucess querry by mail: sabaliauskaspablo@gmail.com
2019-12-10 11:33:07,792 INFO [http-nio-8080-exec-3] log-Process [UserServiceImpl.kt:22] sucess querry by mail: sabaliauskaspablo@gmail.com
2019-12-10 11:33:16,382 INFO [http-nio-8080-exec-8] log-Process [UserServiceImpl.kt:46] Adding credit
2019-12-10 11:33:16,408 INFO [http-nio-8080-exec-8] log-Process [UserServiceImpl.kt:55] Added credit
2019-12-10 11:33:50,042 INFO [http-nio-8080-exec-3] log-Process [UserServiceImpl.kt:22] sucess querry by mail: sabaliauskaspablo@gmail.com
2019-12-10 11:33:50,049 INFO [http-nio-8080-exec-3] log-Process [UserServiceImpl.kt:22] sucess querry by mail: sabaliauskaspablo@gmail.com
2019-12-10 11:34:58,574 INFO [http-nio-8080-exec-7] log-Process [UserServiceImpl.kt:22] sucess querry by mail: sabaliauskaspablo@gmail.com
2019-12-10 11:34:58,580 INFO [http-nio-8080-exec-9] log-Process [UserServiceImpl.kt:22] sucess querry by mail: sabaliauskaspablo@gmail.com
2019-12-10 11:36:36,357 INFO [http-nio-8080-exec-5] log-Process [UserServiceImpl.kt:22] sucess querry by mail: sabaliauskaspablo@gmail.com
2019-12-10 11:36:36,363 INFO [http-nio-8080-exec-2] log-Process [UserServiceImpl.kt:22] sucess querry by mail: sabaliauskaspablo@gmail.com
2019-12-10 11:38:00,430 INFO [http-nio-8080-exec-1] log-Process [UserServiceImpl.kt:22] sucess querry by mail: sabaliauskaspablo@gmail.com
2019-12-10 11:38:00,437 INFO [http-nio-8080-exec-10] log-Process [UserServiceImpl.kt:22] sucess querry by mail: sabaliauskaspablo@gmail.com
2019-12-10 11:39:16,611 INFO [http-nio-8080-exec-8] log-Process [UserServiceImpl.kt:22] sucess querry by mail: sabaliauskaspablo@gmail.com
2019-12-10 11:39:16,618 INFO [http-nio-8080-exec-6] log-Process [UserServiceImpl.kt:22] sucess querry by mail: sabaliauskaspablo@gmail.com
2019-12-10 11:41:37,307 INFO [http-nio-8080-exec-3] log-Process [UserServiceImpl.kt:22] sucess querry by mail: sabaliauskaspablo@gmail.com
2019-12-10 11:41:37,313 INFO [http-nio-8080-exec-4] log-Process [UserServiceImpl.kt:22] sucess querry by mail: sabaliauskaspablo@gmail.com
2019-12-10 11:51:21,692 INFO [http-nio-8080-exec-7] log-Process [UserServiceImpl.kt:22] sucess querry by mail: sabaliauskaspablo@gmail.com
2019-12-10 11:51:21,696 INFO [http-nio-8080-exec-9] log-Process [UserServiceImpl.kt:22] sucess querry by mail: sabaliauskaspablo@gmail.com
2019-12-10 12:12:04,870 INFO [http-nio-8080-exec-2] log-Process [UserServiceImpl.kt:22] sucess querry by mail: sabaliauskaspablo@gmail.com
2019-12-10 12:12:04,877 INFO [http-nio-8080-exec-5] log-Process [UserServiceImpl.kt:22] sucess querry by mail: sabaliauskaspablo@gmail.com
2019-12-10 12:12:17,504 INFO [http-nio-8080-exec-1] log-Process [OrderServiceImple.kt:96] order created
2019-12-10 12:13:03,471 INFO [http-nio-8080-exec-9] log-Process [UserServiceImpl.kt:46] Adding credit
2019-12-10 12:13:03,479 INFO [http-nio-8080-exec-9] log-Process [UserServiceImpl.kt:55] Added credit
2019-12-10 12:13:13,740 INFO [http-nio-8080-exec-3] log-Process [OrderServiceImple.kt:96] order created
2019-12-10 12:16:25,894 INFO [http-nio-8080-exec-2] log-Process [UserServiceImpl.kt:22] sucess querry by mail: sabaliauskaspablo@gmail.com
2019-12-10 12:16:25,901 INFO [http-nio-8080-exec-5] log-Process [UserServiceImpl.kt:22] sucess querry by mail: sabaliauskaspablo@gmail.com
2019-12-10 12:16:34,204 INFO [http-nio-8080-exec-1] log-Process [UserServiceImpl.kt:46] Adding credit
2019-12-10 12:16:34,292 INFO [http-nio-8080-exec-1] log-Process [UserServiceImpl.kt:55] Added credit
2019-12-10 12:16:49,878 INFO [http-nio-8080-exec-6] log-Process [OrderServiceImple.kt:96] order created
2019-12-10 12:18:05,940 INFO [http-nio-8080-exec-9] log-Process [UserServiceImpl.kt:22] sucess querry by mail: sabaliauskaspablo@gmail.com
2019-12-10 12:18:05,946 INFO [http-nio-8080-exec-10] log-Process [UserServiceImpl.kt:22] sucess querry by mail: sabaliauskaspablo@gmail.com
2019-12-10 12:18:16,377 INFO [http-nio-8080-exec-8] log-Process [UserServiceImpl.kt:46] Adding credit
2019-12-10 12:18:16,382 INFO [http-nio-8080-exec-8] log-Process [UserServiceImpl.kt:55] Added credit
2019-12-10 12:18:27,055 INFO [http-nio-8080-exec-1] log-Process [OrderServiceImple.kt:96] order created
2019-12-10 12:20:03,779 INFO [http-nio-8080-exec-2] log-Process [UserServiceImpl.kt:22] sucess querry by mail: sabaliauskaspablo@gmail.com
2019-12-10 12:20:03,783 INFO [http-nio-8080-exec-2] log-Process [UserServiceImpl.kt:22] sucess querry by mail: sabaliauskaspablo@gmail.com
2019-12-10 12:20:10,929 INFO [http-nio-8080-exec-10] log-Process [OrderServiceImple.kt:96] order created
2019-12-10 12:21:16,919 INFO [http-nio-8080-exec-4] log-Process [UserServiceImpl.kt:22] sucess querry by mail: sabaliauskaspablo@gmail.com
2019-12-10 12:21:16,926 INFO [http-nio-8080-exec-5] log-Process [UserServiceImpl.kt:22] sucess querry by mail: sabaliauskaspablo@gmail.com
2019-12-10 12:21:22,246 INFO [http-nio-8080-exec-10] log-Process [UserServiceImpl.kt:46] Adding credit
2019-12-10 12:21:22,251 INFO [http-nio-8080-exec-10] log-Process [UserServiceImpl.kt:55] Added credit
2019-12-10 12:21:27,130 INFO [http-nio-8080-exec-1] log-Process [UserServiceImpl.kt:46] Adding credit
2019-12-10 12:21:27,143 INFO [http-nio-8080-exec-1] log-Process [UserServiceImpl.kt:55] Added credit
2019-12-10 12:21:38,131 INFO [http-nio-8080-exec-2] log-Process [OrderServiceImple.kt:96] order created
2019-12-10 12:25:16,128 INFO [http-nio-8080-exec-9] log-Process [UserServiceImpl.kt:22] sucess querry by mail: sabaliauskaspablo@gmail.com
2019-12-10 12:25:16,133 INFO [http-nio-8080-exec-10] log-Process [UserServiceImpl.kt:22] sucess querry by mail: sabaliauskaspablo@gmail.com
2019-12-10 12:25:23,518 INFO [http-nio-8080-exec-6] log-Process [OrderServiceImple.kt:96] order created
2019-12-10 12:27:29,873 INFO [http-nio-8080-exec-7] log-Process [UserServiceImpl.kt:22] sucess querry by mail: sabaliauskaspablo@gmail.com
2019-12-10 12:27:29,877 INFO [http-nio-8080-exec-9] log-Process [UserServiceImpl.kt:22] sucess querry by mail: sabaliauskaspablo@gmail.com
2019-12-10 12:27:38,378 INFO [http-nio-8080-exec-6] log-Process [UserServiceImpl.kt:46] Adding credit
2019-12-10 12:27:38,383 INFO [http-nio-8080-exec-6] log-Process [UserServiceImpl.kt:55] Added credit
2019-12-10 12:27:46,047 INFO [http-nio-8080-exec-1] log-Process [OrderServiceImple.kt:96] order created
2019-12-10 12:29:08,047 INFO [http-nio-8080-exec-5] log-Process [UserServiceImpl.kt:22] sucess querry by mail: sabaliauskaspablo@gmail.com
2019-12-10 12:29:08,050 INFO [http-nio-8080-exec-4] log-Process [UserServiceImpl.kt:22] sucess querry by mail: sabaliauskaspablo@gmail.com
2019-12-10 12:29:15,281 INFO [http-nio-8080-exec-1] log-Process [OrderServiceImple.kt:96] order created
2019-12-10 12:32:47,723 INFO [http-nio-8080-exec-3] log-Process [UserServiceImpl.kt:22] sucess querry by mail: sabaliauskaspablo@gmail.com
2019-12-10 12:32:47,729 INFO [http-nio-8080-exec-5] log-Process [UserServiceImpl.kt:22] sucess querry by mail: sabaliauskaspablo@gmail.com
2019-12-10 12:32:58,777 INFO [http-nio-8080-exec-9] log-Process [OrderServiceImple.kt:96] order created
2019-12-10 12:34:01,453 INFO [http-nio-8080-exec-10] log-Process [UserServiceImpl.kt:22] sucess querry by mail: sabaliauskaspablo@gmail.com
2019-12-10 12:34:01,457 INFO [http-nio-8080-exec-5] log-Process [UserServiceImpl.kt:22] sucess querry by mail: sabaliauskaspablo@gmail.com
2019-12-10 12:34:07,206 INFO [http-nio-8080-exec-8] log-Process [UserServiceImpl.kt:46] Adding credit
2019-12-10 12:34:07,210 INFO [http-nio-8080-exec-8] log-Process [UserServiceImpl.kt:55] Added credit
2019-12-10 12:34:22,696 INFO [http-nio-8080-exec-5] log-Process [OrderServiceImple.kt:96] order created
2019-12-10 12:35:08,012 INFO [http-nio-8080-exec-4] log-Process [UserServiceImpl.kt:22] sucess querry by mail: sabaliauskaspablo@gmail.com
2019-12-10 12:35:08,017 INFO [http-nio-8080-exec-6] log-Process [UserServiceImpl.kt:22] sucess querry by mail: sabaliauskaspablo@gmail.com
2019-12-10 12:35:20,151 INFO [http-nio-8080-exec-10] log-Process [OrderServiceImple.kt:96] order created
2019-12-10 12:35:30,522 INFO [http-nio-8080-exec-3] log-Process [OrderServiceImple.kt:96] order created
2019-12-10 12:35:50,808 INFO [http-nio-8080-exec-9] log-Process [OrderServiceImple.kt:96] order created
